<?xml version="1.0" encoding="UTF-8"?>
<testng-results ignored="0" total="1" passed="1" failed="0" skipped="0">
  <reporter-output>
  </reporter-output>
  <suite started-at="2022-10-18T13:43:22 IST" name="Regression Test Suite" finished-at="2022-10-18T13:43:27 IST" duration-ms="5466">
    <groups>
    </groups>
    <test started-at="2022-10-18T13:43:22 IST" name="Test" finished-at="2022-10-18T13:43:27 IST" duration-ms="5466">
      <class name="helperBase.testNGConfig">
        <test-method is-config="true" signature="runEnvSetup(java.lang.String,java.lang.String)[pri:0, instance:helperBase.testNGConfig@2b491fee]" started-at="2022-10-18T13:43:22 IST" name="runEnvSetup" finished-at="2022-10-18T13:43:24 IST" duration-ms="2507" status="PASS">
          <params>
            <param index="0">
              <value>
                <![CDATA[]]>
              </value>
            </param>
            <param index="1">
              <value>
                <![CDATA[QA]]>
              </value>
            </param>
          </params>
          <reporter-output>
          </reporter-output>
        </test-method> <!-- runEnvSetup -->
        <test-method is-config="true" signature="closeDriver()[pri:0, instance:helperBase.testNGConfig@2b491fee]" started-at="2022-10-18T13:43:27 IST" name="closeDriver" finished-at="2022-10-18T13:43:27 IST" duration-ms="188" status="PASS">
          <reporter-output>
          </reporter-output>
        </test-method> <!-- closeDriver -->
      </class> <!-- helperBase.testNGConfig -->
      <class name="MyAccountLogin">
        <test-method signature="getTitle()[pri:0, instance:MyAccountLogin@4275c20c]" started-at="2022-10-18T13:43:24 IST" name="getTitle" finished-at="2022-10-18T13:43:27 IST" duration-ms="2725" status="PASS">
          <reporter-output>
          </reporter-output>
        </test-method> <!-- getTitle -->
      </class> <!-- MyAccountLogin -->
    </test> <!-- Test -->
  </suite> <!-- Regression Test Suite -->
</testng-results>
